<?xml version="1.0" encoding="UTF-8"?>
<testng-results ignored="0" total="3" passed="3" failed="0" skipped="0">
  <reporter-output>
  </reporter-output>
  <suite started-at="2022-10-12T20:11:27 EDT" name="regression" finished-at="2022-10-12T20:12:24 EDT" duration-ms="57306">
    <groups>
    </groups>
    <test started-at="2022-10-12T20:11:27 EDT" name="it" finished-at="2022-10-12T20:12:24 EDT" duration-ms="57306">
      <class name="TestNG.LearnDataProvider">
        <test-method is-config="true" signature="Browser(java.lang.String,java.lang.String)[pri:0, instance:TestNG.LearnDataProvider@791f145a]" started-at="2022-10-12T20:11:27 EDT" name="Browser" finished-at="2022-10-12T20:11:36 EDT" duration-ms="8668" status="PASS">
          <params>
            <param index="0">
              <value>
                <![CDATA[Chrome]]>
              </value>
            </param>
            <param index="1">
              <value>
                <![CDATA[https://www.facebook.com]]>
              </value>
            </param>
          </params>
          <reporter-output>
          </reporter-output>
        </test-method> <!-- Browser -->
        <test-method signature="f(java.lang.String,java.lang.String)[pri:0, instance:TestNG.LearnDataProvider@791f145a]" started-at="2022-10-12T20:11:36 EDT" name="f" data-provider="dp" finished-at="2022-10-12T20:11:56 EDT" duration-ms="20403" status="PASS">
          <params>
            <param index="0">
              <value>
                <![CDATA[tested]]>
              </value>
            </param>
            <param index="1">
              <value>
                <![CDATA[password]]>
              </value>
            </param>
          </params>
          <reporter-output>
          </reporter-output>
        </test-method> <!-- f -->
        <test-method signature="f(java.lang.String,java.lang.String)[pri:0, instance:TestNG.LearnDataProvider@791f145a]" started-at="2022-10-12T20:11:56 EDT" name="f" data-provider="dp" finished-at="2022-10-12T20:12:11 EDT" duration-ms="14709" status="PASS">
          <params>
            <param index="0">
              <value>
                <![CDATA[tested66]]>
              </value>
            </param>
            <param index="1">
              <value>
                <![CDATA[b8]]>
              </value>
            </param>
          </params>
          <reporter-output>
          </reporter-output>
        </test-method> <!-- f -->
        <test-method signature="f(java.lang.String,java.lang.String)[pri:0, instance:TestNG.LearnDataProvider@791f145a]" started-at="2022-10-12T20:12:11 EDT" name="f" data-provider="dp" finished-at="2022-10-12T20:12:24 EDT" duration-ms="13150" status="PASS">
          <params>
            <param index="0">
              <value>
                <![CDATA[]]>
              </value>
            </param>
            <param index="1">
              <value>
                <![CDATA[b8]]>
              </value>
            </param>
          </params>
          <reporter-output>
          </reporter-output>
        </test-method> <!-- f -->
        <test-method is-config="true" signature="afterClass()[pri:0, instance:TestNG.LearnDataProvider@791f145a]" started-at="2022-10-12T20:12:24 EDT" name="afterClass" finished-at="2022-10-12T20:12:24 EDT" duration-ms="227" status="PASS">
          <reporter-output>
          </reporter-output>
        </test-method> <!-- afterClass -->
      </class> <!-- TestNG.LearnDataProvider -->
    </test> <!-- it -->
  </suite> <!-- regression -->
</testng-results>
